#
# There is insufficient memory for the Java Runtime Environment to continue.
# Native memory allocation (malloc) failed to allocate 49936 bytes for Chunk::new
# Possible reasons:
#   The system is out of physical RAM or swap space
#   In 32 bit mode, the process size limit was hit
# Possible solutions:
#   Reduce memory load on the system
#   Increase physical memory or swap space
#   Check if swap backing store is full
#   Use 64 bit Java on a 64 bit OS
#   Decrease Java heap size (-Xmx/-Xms)
#   Decrease number of Java threads
#   Decrease Java thread stack sizes (-Xss)
#   Set larger code cache with -XX:ReservedCodeCacheSize=
# This output file may be truncated or incomplete.
#
#  Out of Memory Error (allocation.cpp:390), pid=23036, tid=0x0000000000006f54
#
# JRE version: Java(TM) SE Runtime Environment (8.0_144-b01) (build 1.8.0_144-b01)
# Java VM: Java HotSpot(TM) 64-Bit Server VM (25.144-b01 mixed mode windows-amd64 compressed oops)
# Failed to write core dump. Minidumps are not enabled by default on client versions of Windows
#

---------------  T H R E A D  ---------------

Current thread (0x0000000017309800):  JavaThread "C2 CompilerThread0" daemon [_thread_in_native, id=28500, stack(0x0000000017bd0000,0x0000000017cd0000)]

Stack: [0x0000000017bd0000,0x0000000017cd0000]
[error occurred during error reporting (printing stack bounds), id 0xc0000005]

Native frames: (J=compiled Java code, j=interpreted, Vv=VM code, C=native code)


Current CompileTask:
C2:  14316 3570       4      
[error occurred during error reporting (printing current compile task), id 0xe0000001]


---------------  P R O C E S S  ---------------

Java Threads: ( => current thread )
  0x00000000173dd000 JavaThread "Service Thread" daemon [_thread_blocked, id=28136, stack(0x0000000017ed0000,0x0000000017fd0000)]
  0x0000000017367800 JavaThread "C1 CompilerThread2" daemon [_thread_blocked, id=26436, stack(0x0000000017dd0000,0x0000000017ed0000)]
  0x000000001730d800 JavaThread "C2 CompilerThread1" daemon [_thread_in_native, id=3548, stack(0x0000000017cd0000,0x0000000017dd0000)]
=>0x0000000017309800 JavaThread "C2 CompilerThread0" daemon [_thread_in_native, id=28500, stack(0x0000000017bd0000,0x0000000017cd0000)]
  0x00000000170ce000 JavaThread "Monitor Ctrl-Break" daemon [_thread_in_native, id=27228, stack(0x0000000017ad0000,0x0000000017bd0000)]
  0x0000000016d13800 JavaThread "Attach Listener" daemon [_thread_blocked, id=28632, stack(0x00000000171d0000,0x00000000172d0000)]
  0x0000000015974000 JavaThread "Signal Dispatcher" daemon [_thread_blocked, id=6768, stack(0x00000000170d0000,0x00000000171d0000)]
  0x0000000015950000 JavaThread "Finalizer" daemon [_thread_blocked, id=28792, stack(0x0000000016bd0000,0x0000000016cd0000)]
  0x00000000031b5000 JavaThread "Reference Handler" daemon [_thread_blocked, id=15204, stack(0x0000000016ad0000,0x0000000016bd0000)]
  0x00000000030be000 JavaThread "main" [_thread_in_vm, id=9984, stack(0x0000000002f00000,0x0000000003000000)]

Other Threads:
  0x0000000015928000 VMThread [stack: 0x00000000169d0000,0x0000000016ad0000] [id=11856]
  0x00000000173f7000 WatcherThread [stack: 0x0000000017fd0000,0x00000000180d0000] [id=2244]

VM state:not at safepoint (normal execution)

VM Mutex/Monitor currently owned by a thread: None

Heap:
 PSYoungGen      total 133120K, used 53295K [0x00000000eb580000, 0x00000000f6300000, 0x0000000100000000)
  eden space 124416K, 42% used [0x00000000eb580000,0x00000000ee98be50,0x00000000f2f00000)
  from space 8704K, 0% used [0x00000000f3980000,0x00000000f3980000,0x00000000f4200000)
  to   space 10752K, 0% used [0x00000000f2f00000,0x00000000f2f00000,0x00000000f3980000)
 ParOldGen       total 52224K, used 15377K [0x00000000c2000000, 0x00000000c5300000, 0x00000000eb580000)
  object space 52224K, 29% used [0x00000000c2000000,0x00000000c2f044a8,0x00000000c5300000)
 Metaspace       used 34825K, capacity 36390K, committed 36648K, reserved 1081344K
  class space    used 4499K, capacity 4811K, committed 4912K, reserved 1048576K

Card table byte_map: [0x0000000012780000,0x0000000012980000] byte_map_base: 0x0000000012170000

Marking Bits: (ParMarkBitMap*) 0x00000000705fd850
 Begin Bits: [0x0000000012ed0000, 0x0000000013e50000)
 End Bits:   [0x0000000013e50000, 0x0000000014dd0000)

Polling page: 0x0000000002a20000

CodeCache: size=245760Kb used=12073Kb max_used=12073Kb free=233686Kb
 bounds [0x00000000033c0000, 0x0000000003fa0000, 0x00000000123c0000]
 total_blobs=3753 nmethods=3338 adapters=327
 compilation: enabled

Compilation events (10 events):
Event: 14.177 Thread 0x0000000017367800 nmethod 3567 0x0000000003f86290 code [0x0000000003f863e0, 0x0000000003f864f0]
Event: 14.179 Thread 0x0000000017367800 3568       3       org.springframework.boot.context.properties.ConfigurationBeanFactoryMetadata$$Lambda$284/1835841364::doWith (13 bytes)
Event: 14.179 Thread 0x0000000017367800 nmethod 3568 0x0000000003f8bc10 code [0x0000000003f8bda0, 0x0000000003f8c228]
Event: 14.179 Thread 0x0000000017367800 3569       3       org.springframework.boot.context.properties.ConfigurationBeanFactoryMetadata::lambda$findFactoryMethod$0 (19 bytes)
Event: 14.179 Thread 0x0000000017367800 nmethod 3569 0x0000000003f8c410 code [0x0000000003f8c580, 0x0000000003f8c968]
Event: 14.183 Thread 0x0000000017309800 3570       4       org.springframework.core.annotation.AnnotationUtils::postProcessAnnotationAttributes (163 bytes)
Event: 14.234 Thread 0x0000000017367800 3572       3       java.lang.Enum::equals (11 bytes)
Event: 14.234 Thread 0x0000000017367800 nmethod 3572 0x0000000003f85e90 code [0x0000000003f85fe0, 0x0000000003f86190]
Event: 14.242 Thread 0x0000000017367800 3574   !   3       org.apache.tomcat.util.buf.UDecoder::URLDecode (260 bytes)
Event: 14.248 Thread 0x0000000017367800 nmethod 3574 0x0000000003f8cad0 code [0x0000000003f8cfe0, 0x0000000003f90478]

GC Heap History (10 events):
Event: 5.757 GC heap before
{Heap before GC invocations=8 (full 1):
 PSYoungGen      total 68608K, used 5095K [0x00000000eb580000, 0x00000000f3c80000, 0x0000000100000000)
  eden space 62464K, 0% used [0x00000000eb580000,0x00000000eb580000,0x00000000ef280000)
  from space 6144K, 82% used [0x00000000ef280000,0x00000000ef779ef8,0x00000000ef880000)
  to   space 6656K, 0% used [0x00000000f3600000,0x00000000f3600000,0x00000000f3c80000)
 ParOldGen       total 42496K, used 8286K [0x00000000c2000000, 0x00000000c4980000, 0x00000000eb580000)
  object space 42496K, 19% used [0x00000000c2000000,0x00000000c2817be8,0x00000000c4980000)
 Metaspace       used 20710K, capacity 21270K, committed 21296K, reserved 1067008K
  class space    used 2683K, capacity 2859K, committed 2864K, reserved 1048576K
Event: 5.872 GC heap after
Heap after GC invocations=8 (full 1):
 PSYoungGen      total 68608K, used 0K [0x00000000eb580000, 0x00000000f3c80000, 0x0000000100000000)
  eden space 62464K, 0% used [0x00000000eb580000,0x00000000eb580000,0x00000000ef280000)
  from space 6144K, 0% used [0x00000000ef280000,0x00000000ef280000,0x00000000ef880000)
  to   space 6656K, 0% used [0x00000000f3600000,0x00000000f3600000,0x00000000f3c80000)
 ParOldGen       total 32256K, used 7421K [0x00000000c2000000, 0x00000000c3f80000, 0x00000000eb580000)
  object space 32256K, 23% used [0x00000000c2000000,0x00000000c273f778,0x00000000c3f80000)
 Metaspace       used 20709K, capacity 21264K, committed 21296K, reserved 1067008K
  class space    used 2682K, capacity 2858K, committed 2864K, reserved 1048576K
}
Event: 6.931 GC heap before
{Heap before GC invocations=9 (full 1):
 PSYoungGen      total 68608K, used 62464K [0x00000000eb580000, 0x00000000f3c80000, 0x0000000100000000)
  eden space 62464K, 100% used [0x00000000eb580000,0x00000000ef280000,0x00000000ef280000)
  from space 6144K, 0% used [0x00000000ef280000,0x00000000ef280000,0x00000000ef880000)
  to   space 6656K, 0% used [0x00000000f3600000,0x00000000f3600000,0x00000000f3c80000)
 ParOldGen       total 32256K, used 7509K [0x00000000c2000000, 0x00000000c3f80000, 0x00000000eb580000)
  object space 32256K, 23% used [0x00000000c2000000,0x00000000c2755688,0x00000000c3f80000)
 Metaspace       used 24256K, capacity 24940K, committed 25136K, reserved 1071104K
  class space    used 3106K, capacity 3286K, committed 3376K, reserved 1048576K
Event: 6.945 GC heap after
Heap after GC invocations=9 (full 1):
 PSYoungGen      total 100352K, used 3290K [0x00000000eb580000, 0x00000000f3980000, 0x0000000100000000)
  eden space 96768K, 0% used [0x00000000eb580000,0x00000000eb580000,0x00000000f1400000)
  from space 3584K, 91% used [0x00000000f3600000,0x00000000f3936b70,0x00000000f3980000)
  to   space 6656K, 0% used [0x00000000f2c80000,0x00000000f2c80000,0x00000000f3300000)
 ParOldGen       total 32256K, used 7581K [0x00000000c2000000, 0x00000000c3f80000, 0x00000000eb580000)
  object space 32256K, 23% used [0x00000000c2000000,0x00000000c2767698,0x00000000c3f80000)
 Metaspace       used 24256K, capacity 24940K, committed 25136K, reserved 1071104K
  class space    used 3106K, capacity 3286K, committed 3376K, reserved 1048576K
}
Event: 10.190 GC heap before
{Heap before GC invocations=10 (full 1):
 PSYoungGen      total 100352K, used 100058K [0x00000000eb580000, 0x00000000f3980000, 0x0000000100000000)
  eden space 96768K, 100% used [0x00000000eb580000,0x00000000f1400000,0x00000000f1400000)
  from space 3584K, 91% used [0x00000000f3600000,0x00000000f3936b70,0x00000000f3980000)
  to   space 6656K, 0% used [0x00000000f2c80000,0x00000000f2c80000,0x00000000f3300000)
 ParOldGen       total 32256K, used 7581K [0x00000000c2000000, 0x00000000c3f80000, 0x00000000eb580000)
  object space 32256K, 23% used [0x00000000c2000000,0x00000000c2767698,0x00000000c3f80000)
 Metaspace       used 29550K, capacity 30674K, committed 30768K, reserved 1075200K
  class space    used 3838K, capacity 4087K, committed 4144K, reserved 1048576K
Event: 10.226 GC heap after
Heap after GC invocations=10 (full 1):
 PSYoungGen      total 128512K, used 6646K [0x00000000eb580000, 0x00000000f4200000, 0x0000000100000000)
  eden space 121856K, 0% used [0x00000000eb580000,0x00000000eb580000,0x00000000f2c80000)
  from space 6656K, 99% used [0x00000000f2c80000,0x00000000f32fd820,0x00000000f3300000)
  to   space 8704K, 0% used [0x00000000f3980000,0x00000000f3980000,0x00000000f4200000)
 ParOldGen       total 32256K, used 10839K [0x00000000c2000000, 0x00000000c3f80000, 0x00000000eb580000)
  object space 32256K, 33% used [0x00000000c2000000,0x00000000c2a95fa8,0x00000000c3f80000)
 Metaspace       used 29550K, capacity 30674K, committed 30768K, reserved 1075200K
  class space    used 3838K, capacity 4087K, committed 4144K, reserved 1048576K
}
Event: 13.562 GC heap before
{Heap before GC invocations=11 (full 1):
 PSYoungGen      total 128512K, used 66455K [0x00000000eb580000, 0x00000000f4200000, 0x0000000100000000)
  eden space 121856K, 49% used [0x00000000eb580000,0x00000000eefe8490,0x00000000f2c80000)
  from space 6656K, 99% used [0x00000000f2c80000,0x00000000f32fd820,0x00000000f3300000)
  to   space 8704K, 0% used [0x00000000f3980000,0x00000000f3980000,0x00000000f4200000)
 ParOldGen       total 32256K, used 10839K [0x00000000c2000000, 0x00000000c3f80000, 0x00000000eb580000)
  object space 32256K, 33% used [0x00000000c2000000,0x00000000c2a95fa8,0x00000000c3f80000)
 Metaspace       used 33883K, capacity 35414K, committed 35496K, reserved 1079296K
  class space    used 4401K, capacity 4705K, committed 4784K, reserved 1048576K
Event: 13.590 GC heap after
Heap after GC invocations=11 (full 1):
 PSYoungGen      total 133120K, used 8703K [0x00000000eb580000, 0x00000000f6300000, 0x0000000100000000)
  eden space 124416K, 0% used [0x00000000eb580000,0x00000000eb580000,0x00000000f2f00000)
  from space 8704K, 99% used [0x00000000f3980000,0x00000000f41ffc70,0x00000000f4200000)
  to   space 10752K, 0% used [0x00000000f2f00000,0x00000000f2f00000,0x00000000f3980000)
 ParOldGen       total 32256K, used 12960K [0x00000000c2000000, 0x00000000c3f80000, 0x00000000eb580000)
  object space 32256K, 40% used [0x00000000c2000000,0x00000000c2ca8330,0x00000000c3f80000)
 Metaspace       used 33883K, capacity 35414K, committed 35496K, reserved 1079296K
  class space    used 4401K, capacity 4705K, committed 4784K, reserved 1048576K
}
Event: 13.590 GC heap before
{Heap before GC invocations=12 (full 2):
 PSYoungGen      total 133120K, used 8703K [0x00000000eb580000, 0x00000000f6300000, 0x0000000100000000)
  eden space 124416K, 0% used [0x00000000eb580000,0x00000000eb580000,0x00000000f2f00000)
  from space 8704K, 99% used [0x00000000f3980000,0x00000000f41ffc70,0x00000000f4200000)
  to   space 10752K, 0% used [0x00000000f2f00000,0x00000000f2f00000,0x00000000f3980000)
 ParOldGen       total 32256K, used 12960K [0x00000000c2000000, 0x00000000c3f80000, 0x00000000eb580000)
  object space 32256K, 40% used [0x00000000c2000000,0x00000000c2ca8330,0x00000000c3f80000)
 Metaspace       used 33883K, capacity 35414K, committed 35496K, reserved 1079296K
  class space    used 4401K, capacity 4705K, committed 4784K, reserved 1048576K
Event: 13.682 GC heap after
Heap after GC invocations=12 (full 2):
 PSYoungGen      total 133120K, used 0K [0x00000000eb580000, 0x00000000f6300000, 0x0000000100000000)
  eden space 124416K, 0% used [0x00000000eb580000,0x00000000eb580000,0x00000000f2f00000)
  from space 8704K, 0% used [0x00000000f3980000,0x00000000f3980000,0x00000000f4200000)
  to   space 10752K, 0% used [0x00000000f2f00000,0x00000000f2f00000,0x00000000f3980000)
 ParOldGen       total 52224K, used 15377K [0x00000000c2000000, 0x00000000c5300000, 0x00000000eb580000)
  object space 52224K, 29% used [0x00000000c2000000,0x00000000c2f044a8,0x00000000c5300000)
 Metaspace       used 33883K, capacity 35414K, committed 35496K, reserved 1079296K
  class space    used 4401K, capacity 4705K, committed 4784K, reserved 1048576K
}

Deoptimization events (10 events):
Event: 11.793 Thread 0x00000000030be000 Uncommon trap: reason=bimorphic action=maybe_recompile pc=0x0000000003c5772c method=java.util.stream.ReferencePipeline$2$1.accept(Ljava/lang/Object;)V @ 21
Event: 12.040 Thread 0x00000000030be000 Uncommon trap: reason=bimorphic action=maybe_recompile pc=0x0000000003c5772c method=java.util.stream.ReferencePipeline$2$1.accept(Ljava/lang/Object;)V @ 21
Event: 12.162 Thread 0x00000000030be000 Uncommon trap: reason=unstable_if action=reinterpret pc=0x000000000373ea74 method=java.util.Properties$LineReader.readLine()I @ 323
Event: 12.302 Thread 0x00000000030be000 Uncommon trap: reason=unstable_if action=reinterpret pc=0x000000000351f430 method=java.util.Properties.loadConvert([CII[C)Ljava/lang/String; @ 57
Event: 12.323 Thread 0x00000000030be000 Uncommon trap: reason=class_check action=maybe_recompile pc=0x0000000003e20c14 method=java.util.AbstractList$Itr.hasNext()Z @ 8
Event: 12.323 Thread 0x00000000030be000 Uncommon trap: reason=class_check action=maybe_recompile pc=0x0000000003635a44 method=java.util.AbstractList$Itr.next()Ljava/lang/Object; @ 14
Event: 13.756 Thread 0x00000000030be000 Uncommon trap: reason=class_check action=maybe_recompile pc=0x0000000003893e34 method=java.util.zip.InflaterInputStream.read([BII)I @ 100
Event: 13.756 Thread 0x00000000030be000 Uncommon trap: reason=class_check action=maybe_recompile pc=0x0000000003893e34 method=java.util.zip.InflaterInputStream.read([BII)I @ 100
Event: 13.758 Thread 0x00000000030be000 Uncommon trap: reason=class_check action=maybe_recompile pc=0x0000000003893e34 method=java.util.zip.InflaterInputStream.read([BII)I @ 100
Event: 13.758 Thread 0x00000000030be000 Uncommon trap: reason=class_check action=maybe_recompile pc=0x0000000003893e34 method=java.util.zip.InflaterInputStream.read([BII)I @ 100

Internal exceptions (10 events):
Event: 10.800 Thread 0x00000000030be000 Exception <a 'java/lang/ClassNotFoundException': org/springframework/transaction/annotation/AbstractTransactionManagementConfigurationCustomizer> (0x00000000ec2b7b98) thrown at [C:\re\workspace\8-2-build-windows-amd64-cygwin\jdk8u144\9417\hotspot\src\shar
Event: 10.801 Thread 0x00000000030be000 Exception <a 'java/lang/ClassNotFoundException': org/springframework/transaction/annotation/ProxyTransactionManagementConfigurationCustomizer> (0x00000000ec2dcf10) thrown at [C:\re\workspace\8-2-build-windows-amd64-cygwin\jdk8u144\9417\hotspot\src\share\v
Event: 10.802 Thread 0x00000000030be000 Exception <a 'java/lang/ClassNotFoundException': org/springframework/transaction/annotation/ProxyTransactionManagementConfiguration$$EnhancerBySpringCGLIB$$f0708f3eCustomizer> (0x00000000ec30c508) thrown at [C:\re\workspace\8-2-build-windows-amd64-cygwin\
Event: 10.803 Thread 0x00000000030be000 Exception <a 'java/lang/ClassNotFoundException': org/springframework/context/annotation/ConfigurationClassEnhancer$EnhancedConfigurationCustomizer> (0x00000000ec33afb0) thrown at [C:\re\workspace\8-2-build-windows-amd64-cygwin\jdk8u144\9417\hotspot\src\sh
Event: 10.803 Thread 0x00000000030be000 Exception <a 'java/lang/ClassNotFoundException': org/springframework/beans/factory/BeanFactoryAwareCustomizer> (0x00000000ec3541d8) thrown at [C:\re\workspace\8-2-build-windows-amd64-cygwin\jdk8u144\9417\hotspot\src\share\vm\classfile\systemDictionary.cpp
Event: 10.804 Thread 0x00000000030be000 Exception <a 'java/lang/ClassNotFoundException': org/springframework/beans/factory/AwareCustomizer> (0x00000000ec36b1d0) thrown at [C:\re\workspace\8-2-build-windows-amd64-cygwin\jdk8u144\9417\hotspot\src\share\vm\classfile\systemDictionary.cpp, line 210]
Event: 10.805 Thread 0x00000000030be000 Exception <a 'java/lang/ClassNotFoundException': org/springframework/context/annotation/ImportAwareCustomizer> (0x00000000ec384250) thrown at [C:\re\workspace\8-2-build-windows-amd64-cygwin\jdk8u144\9417\hotspot\src\share\vm\classfile\systemDictionary.cpp
Event: 10.806 Thread 0x00000000030be000 Exception <a 'java/lang/ClassNotFoundException': org/springframework/beans/factory/AwareCustomizer> (0x00000000ec39ac48) thrown at [C:\re\workspace\8-2-build-windows-amd64-cygwin\jdk8u144\9417\hotspot\src\share\vm\classfile\systemDictionary.cpp, line 210]
Event: 10.806 Thread 0x00000000030be000 Implicit null exception at 0x0000000003c6998c to 0x0000000003c69a01
Event: 14.002 Thread 0x00000000030be000 Exception <a 'java/io/FileNotFoundException'> (0x00000000ee22df38) thrown at [C:\re\workspace\8-2-build-windows-amd64-cygwin\jdk8u144\9417\hotspot\src\share\vm\prims\jni.cpp, line 709]

Events (10 events):
Event: 14.270 loading class javax/websocket/HandshakeResponse
Event: 14.270 loading class javax/websocket/HandshakeResponse done
Event: 14.271 loading class javax/websocket/Endpoint
Event: 14.271 loading class javax/websocket/Endpoint done
Event: 14.272 loading class org/apache/tomcat/websocket/pojo/PojoEndpointClient
Event: 14.272 loading class org/apache/tomcat/websocket/pojo/PojoEndpointClient done
Event: 14.272 loading class org/apache/tomcat/websocket/pojo/PojoEndpointBase
Event: 14.272 loading class org/apache/tomcat/websocket/pojo/PojoEndpointBase done
Event: 14.274 loading class javax/net/ssl/SSLException
Event: 14.276 loading class javax/net/ssl/SSLException done


Dynamic libraries:
0x00007ff66ca60000 - 0x00007ff66ca97000 	C:\Program Files\Java\jdk1.8.0_144\bin\java.exe
0x00007ffad9570000 - 0x00007ffad9751000 	C:\WINDOWS\SYSTEM32\ntdll.dll
0x00007ffad6a80000 - 0x00007ffad6b31000 	C:\WINDOWS\System32\KERNEL32.DLL
0x00007ffad5940000 - 0x00007ffad5bb3000 	C:\WINDOWS\System32\KERNELBASE.dll
0x00007ffad7040000 - 0x00007ffad70e1000 	C:\WINDOWS\System32\ADVAPI32.dll
0x00007ffad76a0000 - 0x00007ffad773e000 	C:\WINDOWS\System32\msvcrt.dll
0x00007ffad7480000 - 0x00007ffad74db000 	C:\WINDOWS\System32\sechost.dll
0x00007ffad9100000 - 0x00007ffad9224000 	C:\WINDOWS\System32\RPCRT4.dll
0x00007ffad93b0000 - 0x00007ffad9540000 	C:\WINDOWS\System32\USER32.dll
0x00007ffad6560000 - 0x00007ffad6580000 	C:\WINDOWS\System32\win32u.dll
0x00007ffad70f0000 - 0x00007ffad7118000 	C:\WINDOWS\System32\GDI32.dll
0x00007ffad67c0000 - 0x00007ffad6952000 	C:\WINDOWS\System32\gdi32full.dll
0x00007ffad6960000 - 0x00007ffad69ff000 	C:\WINDOWS\System32\msvcp_win.dll
0x00007ffad6460000 - 0x00007ffad6558000 	C:\WINDOWS\System32\ucrtbase.dll
0x00007ffacb390000 - 0x00007ffacb5f9000 	C:\WINDOWS\WinSxS\amd64_microsoft.windows.common-controls_6595b64144ccf1df_6.0.17134.765_none_fb42a1a930655896\COMCTL32.dll
0x00007ffad8dd0000 - 0x00007ffad90f2000 	C:\WINDOWS\System32\combase.dll
0x00007ffad63e0000 - 0x00007ffad645a000 	C:\WINDOWS\System32\bcryptPrimitives.dll
0x00007ffad75d0000 - 0x00007ffad75fd000 	C:\WINDOWS\System32\IMM32.DLL
0x00000000709a0000 - 0x0000000070a72000 	C:\Program Files\Java\jdk1.8.0_144\jre\bin\msvcr100.dll
0x000000006fde0000 - 0x000000007067d000 	C:\Program Files\Java\jdk1.8.0_144\jre\bin\server\jvm.dll
0x00007ffad8d60000 - 0x00007ffad8d68000 	C:\WINDOWS\System32\PSAPI.DLL
0x00007ffad20e0000 - 0x00007ffad20ea000 	C:\WINDOWS\SYSTEM32\VERSION.dll
0x00007ffad1870000 - 0x00007ffad1893000 	C:\WINDOWS\SYSTEM32\WINMM.dll
0x00007ffad48b0000 - 0x00007ffad48b9000 	C:\WINDOWS\SYSTEM32\WSOCK32.dll
0x00007ffad9340000 - 0x00007ffad93ac000 	C:\WINDOWS\System32\WS2_32.dll
0x00007ffad1840000 - 0x00007ffad186a000 	C:\WINDOWS\SYSTEM32\WINMMBASE.dll
0x00007ffad6580000 - 0x00007ffad65c9000 	C:\WINDOWS\System32\cfgmgr32.dll
0x0000000075230000 - 0x000000007523f000 	C:\Program Files\Java\jdk1.8.0_144\jre\bin\verify.dll
0x0000000075200000 - 0x0000000075229000 	C:\Program Files\Java\jdk1.8.0_144\jre\bin\java.dll
0x0000000070970000 - 0x0000000070993000 	C:\Program Files\Java\jdk1.8.0_144\jre\bin\instrument.dll
0x0000000071600000 - 0x0000000071616000 	C:\Program Files\Java\jdk1.8.0_144\jre\bin\zip.dll
0x00007ffad7740000 - 0x00007ffad8b80000 	C:\WINDOWS\System32\SHELL32.dll
0x00007ffad6b40000 - 0x00007ffad6be9000 	C:\WINDOWS\System32\shcore.dll
0x00007ffad5cd0000 - 0x00007ffad63dd000 	C:\WINDOWS\System32\windows.storage.dll
0x00007ffad7120000 - 0x00007ffad7171000 	C:\WINDOWS\System32\shlwapi.dll
0x00007ffad5920000 - 0x00007ffad5931000 	C:\WINDOWS\System32\kernel.appcore.dll
0x00007ffad5890000 - 0x00007ffad58af000 	C:\WINDOWS\System32\profapi.dll
0x00007ffad58d0000 - 0x00007ffad591c000 	C:\WINDOWS\System32\powrprof.dll
0x00007ffad5880000 - 0x00007ffad588a000 	C:\WINDOWS\System32\FLTLIB.DLL
0x00007ffad0b30000 - 0x00007ffad0b4a000 	D:\IntelliJ IDEA Community Edition 2018.3.4\bin\breakgen64.dll
0x0000000070860000 - 0x000000007087a000 	C:\Program Files\Java\jdk1.8.0_144\jre\bin\net.dll
0x00007ffad5100000 - 0x00007ffad5166000 	C:\WINDOWS\system32\mswsock.dll
0x00000000745a0000 - 0x00000000745ad000 	C:\Program Files\Java\jdk1.8.0_144\jre\bin\management.dll
0x00007ffab38b0000 - 0x00007ffab38c6000 	C:\WINDOWS\system32\napinsp.dll
0x00007ffaafcb0000 - 0x00007ffaafcca000 	C:\WINDOWS\system32\pnrpnsp.dll
0x00007ffad24f0000 - 0x00007ffad2509000 	C:\WINDOWS\system32\NLAapi.dll
0x00007ffad4ed0000 - 0x00007ffad4f8e000 	C:\WINDOWS\SYSTEM32\DNSAPI.dll
0x00007ffad9330000 - 0x00007ffad9338000 	C:\WINDOWS\System32\NSI.dll
0x00007ffad4e80000 - 0x00007ffad4eb8000 	C:\WINDOWS\SYSTEM32\IPHLPAPI.DLL
0x00007ffab38a0000 - 0x00007ffab38ae000 	C:\WINDOWS\System32\winrnr.dll
0x00007ffacf870000 - 0x00007ffacf885000 	C:\WINDOWS\System32\wshbth.dll
0x00007ffab29e0000 - 0x00007ffab29ea000 	C:\Windows\System32\rasadhlp.dll
0x00007ffabb280000 - 0x00007ffabb2f2000 	C:\WINDOWS\System32\fwpuclnt.dll
0x00007ffad53e0000 - 0x00007ffad5405000 	C:\WINDOWS\SYSTEM32\bcrypt.dll
0x0000000070840000 - 0x0000000070851000 	C:\Program Files\Java\jdk1.8.0_144\jre\bin\nio.dll
0x00007ffad52c0000 - 0x00007ffad52d7000 	C:\WINDOWS\SYSTEM32\CRYPTSP.dll
0x00007ffad4ce0000 - 0x00007ffad4d13000 	C:\WINDOWS\system32\rsaenh.dll
0x00007ffad5780000 - 0x00007ffad57a8000 	C:\WINDOWS\SYSTEM32\USERENV.dll
0x00007ffad52b0000 - 0x00007ffad52bb000 	C:\WINDOWS\SYSTEM32\CRYPTBASE.dll
0x00007ffacb080000 - 0x00007ffacb096000 	C:\WINDOWS\SYSTEM32\dhcpcsvc6.DLL
0x00007ffacb060000 - 0x00007ffacb07a000 	C:\WINDOWS\SYSTEM32\dhcpcsvc.DLL

VM Arguments:
jvm_args: -javaagent:D:\IntelliJ IDEA Community Edition 2018.3.4\lib\idea_rt.jar=12378:D:\IntelliJ IDEA Community Edition 2018.3.4\bin -Dfile.encoding=UTF-8 
java_command: com.ctgu.lan.manage.ManageApplication
java_class_path (initial): C:\Program Files\Java\jdk1.8.0_144\jre\lib\charsets.jar;C:\Program Files\Java\jdk1.8.0_144\jre\lib\deploy.jar;C:\Program Files\Java\jdk1.8.0_144\jre\lib\ext\access-bridge-64.jar;C:\Program Files\Java\jdk1.8.0_144\jre\lib\ext\cldrdata.jar;C:\Program Files\Java\jdk1.8.0_144\jre\lib\ext\dnsns.jar;C:\Program Files\Java\jdk1.8.0_144\jre\lib\ext\jaccess.jar;C:\Program Files\Java\jdk1.8.0_144\jre\lib\ext\jfxrt.jar;C:\Program Files\Java\jdk1.8.0_144\jre\lib\ext\localedata.jar;C:\Program Files\Java\jdk1.8.0_144\jre\lib\ext\nashorn.jar;C:\Program Files\Java\jdk1.8.0_144\jre\lib\ext\sunec.jar;C:\Program Files\Java\jdk1.8.0_144\jre\lib\ext\sunjce_provider.jar;C:\Program Files\Java\jdk1.8.0_144\jre\lib\ext\sunmscapi.jar;C:\Program Files\Java\jdk1.8.0_144\jre\lib\ext\sunpkcs11.jar;C:\Program Files\Java\jdk1.8.0_144\jre\lib\ext\zipfs.jar;C:\Program Files\Java\jdk1.8.0_144\jre\lib\javaws.jar;C:\Program Files\Java\jdk1.8.0_144\jre\lib\jce.jar;C:\Program Files\Java\jdk1.8.0_144\jre\lib\jfr.jar;C:\Program Files\Java\jdk1.8.0_144\jre\lib\jfxswt.jar;C:\Program Files\Java\jdk1.8.0_144\jre\lib\jsse.jar;C:\Program Files\Java\jdk1.8.0_144\jre\lib\management-agent.jar;C:\Program Files\Java\jdk1.8.0_144\jre\lib\plugin.jar;C:\Program Files\Java\jdk1.8.0_144\jre\lib\resources.jar;C:\Program Files\Java\jdk1.8.0_144\jre\lib\rt.jar;D:\SpringBootWorkSpace\manage\target\classes;C:\Users\17259\.m2\repository\org\springframework\boot\spring-boot-starter-data-jpa\2.1.5.RELEASE\spring-boot-starter-data-jpa-2.1.5.RELEASE.jar;C:\Users\17259\.m2\repository\org\springframework\boot\spring-boot-starter-aop\2.1.5.RELEASE\spring-boot-starter-aop-2.1.5.RELEASE.jar;C:\Users\17259\.m2\repository\org\springframework\spring-aop\5.1.7.RELEASE\spring-aop-5.1.7.RELEASE.jar;C:\Users\17259\.m2\repository\org\aspectj\aspectjweaver\1.9.4\aspectjweaver-1.9.4.jar;C:\Users\17259\.m2\repository\javax\transaction\javax.transaction-api\1.3\javax.transaction-api-1.3.jar;C:\Users\17259\.m2\repository\
Launcher Type: SUN_STANDARD

Environment Variables:
JAVA_HOME=C:\Program Files\Java\jdk1.8.0_144
CLASSPATH=.;C:\Program Files\Java\jdk1.8.0_144\lib;C:\Program Files\Java\jdk1.8.0_144\lib\tools.jar;
PATH=C:\Program Files\VanDyke Software\Clients\;C:\ProgramData\Oracle\Java\javapath;C:\Program Files (x86)\Intel\iCLS Client\;C:\Program Files\Intel\iCLS Client\;C:\Windows\system32;C:\Windows;C:\Windows\System32\Wbem;C:\Windows\System32\WindowsPowerShell\v1.0\;C:\Program Files\Intel\WiFi\bin\;C:\Program Files\Common Files\Intel\WirelessCommon\;C:\Program Files (x86)\NVIDIA Corporation\PhysX\Common;C:\Program Files (x86)\Intel\Intel(R) Management Engine Components\DAL;C:\Program Files\Intel\Intel(R) Management Engine Components\DAL;C:\Program Files (x86)\Intel\Intel(R) Management Engine Components\IPT;C:\Program Files\Intel\Intel(R) Management Engine Components\IPT;C:\Program Files\Acer ProShield\;C:\Program Files\Acer ProShield\x86;C:\WINDOWS\system32;C:\WINDOWS;C:\WINDOWS\System32\Wbem;C:\WINDOWS\System32\WindowsPowerShell\v1.0\;D:\mysql-5.7.22-winx64\bin;C:\WINDOWS\System32\OpenSSH\;D:\Git\cmd;D:\nodejs\;"%MAVEN_HOME%\bin;";C:\Program Files\dotnet\;C:\Program Files\Microsoft SQL Server\130\Tools\Binn\;C:\Users\17259\AppData\Local\Programs\Python\Python37\Scripts\;C:\Users\17259\AppData\Local\Programs\Python\Python37\;C:\Program Files\Java\jdk1.8.0_144\bin;C:\Program Files\Java\jdk1.8.0_144\jre\bin;C:\Users\17259\AppData\Local\Microsoft\WindowsApps;C:\Users\17259\AppData\Roaming\npm;D:\SSM\apache-maven-3.6.0\bin;
USERNAME=17259
OS=Windows_NT
PROCESSOR_IDENTIFIER=Intel64 Family 6 Model 142 Stepping 9, GenuineIntel



---------------  S Y S T E M  ---------------

OS: Windows 10.0 , 64 bit Build 17134 (10.0.17134.753)

CPU:total 4 (initial active 4) (2 cores per cpu, 2 threads per core) family 6 model 142 stepping 9, cmov, cx8, fxsr, mmx, sse, sse2, sse3, ssse3, sse4.1, sse4.2, popcnt, avx, avx2, aes, clmul, erms, 3dnowpref, lzcnt, ht, tsc, tscinvbit, bmi1, bmi2, adx

Memory: 4k page, physical 4059368k(166084k free), swap 16642280k(0k free)

vm_info: Java HotSpot(TM) 64-Bit Server VM (25.144-b01) for windows-amd64 JRE (1.8.0_144-b01), built on Jul 21 2017 21:57:33 by "java_re" with MS VC++ 10.0 (VS2010)

time: Sat Jun 01 18:25:54 2019
elapsed time: 14 seconds (0d 0h 0m 14s)

