#
# There is insufficient memory for the Java Runtime Environment to continue.
# Native memory allocation (malloc) failed to allocate 1063120 bytes for Chunk::new
# Possible reasons:
#   The system is out of physical RAM or swap space
#   In 32 bit mode, the process size limit was hit
# Possible solutions:
#   Reduce memory load on the system
#   Increase physical memory or swap space
#   Check if swap backing store is full
#   Use 64 bit Java on a 64 bit OS
#   Decrease Java heap size (-Xmx/-Xms)
#   Decrease number of Java threads
#   Decrease Java thread stack sizes (-Xss)
#   Set larger code cache with -XX:ReservedCodeCacheSize=
# This output file may be truncated or incomplete.
#
#  Out of Memory Error (allocation.cpp:390), pid=27360, tid=0x000000000000724c
#
# JRE version: Java(TM) SE Runtime Environment (8.0_144-b01) (build 1.8.0_144-b01)
# Java VM: Java HotSpot(TM) 64-Bit Server VM (25.144-b01 mixed mode windows-amd64 compressed oops)
# Failed to write core dump. Minidumps are not enabled by default on client versions of Windows
#

---------------  T H R E A D  ---------------

Current thread (0x000000001722e000):  JavaThread "C2 CompilerThread0" daemon [_thread_in_native, id=29260, stack(0x0000000017af0000,0x0000000017bf0000)]

Stack: [0x0000000017af0000,0x0000000017bf0000]
[error occurred during error reporting (printing stack bounds), id 0xc0000005]

Native frames: (J=compiled Java code, j=interpreted, Vv=VM code, C=native code)


Current CompileTask:
C2:  13737 3550   !   4       org.springframework.core.annotation.AnnotatedElementUtils::searchWithFindSemantics (774 bytes)


---------------  P R O C E S S  ---------------

Java Threads: ( => current thread )
  0x000000001a9c9800 JavaThread "container-0" [_thread_blocked, id=26904, stack(0x000000001dbe0000,0x000000001dce0000)]
  0x000000001a9ce000 JavaThread "Catalina-utility-2" [_thread_blocked, id=27488, stack(0x000000001dae0000,0x000000001dbe0000)]
  0x000000001a9d0000 JavaThread "Catalina-utility-1" [_thread_blocked, id=28948, stack(0x000000001d9e0000,0x000000001dae0000)]
  0x0000000017297800 JavaThread "Service Thread" daemon [_thread_blocked, id=28564, stack(0x0000000017df0000,0x0000000017ef0000)]
  0x0000000017295000 JavaThread "C1 CompilerThread2" daemon [_thread_blocked, id=21824, stack(0x0000000017cf0000,0x0000000017df0000)]
  0x0000000017232800 JavaThread "C2 CompilerThread1" daemon [_thread_blocked, id=11220, stack(0x0000000017bf0000,0x0000000017cf0000)]
=>0x000000001722e000 JavaThread "C2 CompilerThread0" daemon [_thread_in_native, id=29260, stack(0x0000000017af0000,0x0000000017bf0000)]
  0x0000000017209000 JavaThread "Monitor Ctrl-Break" daemon [_thread_in_native, id=28676, stack(0x00000000179f0000,0x0000000017af0000)]
  0x0000000016c33800 JavaThread "Attach Listener" daemon [_thread_blocked, id=25272, stack(0x00000000170f0000,0x00000000171f0000)]
  0x00000000158b4000 JavaThread "Signal Dispatcher" daemon [_thread_blocked, id=28708, stack(0x0000000016ff0000,0x00000000170f0000)]
  0x000000001588e800 JavaThread "Finalizer" daemon [_thread_blocked, id=22228, stack(0x0000000016af0000,0x0000000016bf0000)]
  0x00000000032f7000 JavaThread "Reference Handler" daemon [_thread_blocked, id=29580, stack(0x00000000169f0000,0x0000000016af0000)]
  0x0000000003206800 JavaThread "main" [_thread_in_Java, id=28616, stack(0x0000000002f10000,0x0000000003010000)]

Other Threads:
  0x0000000015867000 VMThread [stack: 0x00000000168f0000,0x00000000169f0000] [id=26148]
  0x0000000017329000 WatcherThread [stack: 0x0000000017ef0000,0x0000000017ff0000] [id=5912]

VM state:not at safepoint (normal execution)

VM Mutex/Monitor currently owned by a thread: None

Heap:
 PSYoungGen      total 132096K, used 60596K [0x00000000eb580000, 0x00000000f4e00000, 0x0000000100000000)
  eden space 123392K, 49% used [0x00000000eb580000,0x00000000ef0ad0b8,0x00000000f2e00000)
  from space 8704K, 0% used [0x00000000f4580000,0x00000000f4580000,0x00000000f4e00000)
  to   space 6144K, 0% used [0x00000000f2e00000,0x00000000f2e00000,0x00000000f3400000)
 ParOldGen       total 54272K, used 15175K [0x00000000c2000000, 0x00000000c5500000, 0x00000000eb580000)
  object space 54272K, 27% used [0x00000000c2000000,0x00000000c2ed1d40,0x00000000c5500000)
 Metaspace       used 35409K, capacity 37034K, committed 37208K, reserved 1081344K
  class space    used 4567K, capacity 4875K, committed 4992K, reserved 1048576K

Card table byte_map: [0x00000000126c0000,0x00000000128c0000] byte_map_base: 0x00000000120b0000

Marking Bits: (ParMarkBitMap*) 0x00000000705fd850
 Begin Bits: [0x0000000012e10000, 0x0000000013d90000)
 End Bits:   [0x0000000013d90000, 0x0000000014d10000)

Polling page: 0x0000000001040000

CodeCache: size=245760Kb used=13351Kb max_used=13369Kb free=232408Kb
 bounds [0x0000000003300000, 0x0000000004020000, 0x0000000012300000]
 total_blobs=3963 nmethods=3545 adapters=330
 compilation: enabled

Compilation events (10 events):
Event: 13.467 Thread 0x0000000017232800 nmethod 3560 0x000000000400b090 code [0x000000000400b640, 0x000000000400fc50]
Event: 13.467 Thread 0x0000000017295000 nmethod 3577 0x00000000034d51d0 code [0x00000000034d53a0, 0x00000000034d5af8]
Event: 13.468 Thread 0x0000000017232800 3563       4       java.util.Properties::load0 (250 bytes)
Event: 13.468 Thread 0x0000000017295000 3576       3       org.springframework.asm.SymbolTable::hash (12 bytes)
Event: 13.468 Thread 0x0000000017295000 nmethod 3576 0x00000000034d4d90 code [0x00000000034d4f00, 0x00000000034d5108]
Event: 13.557 Thread 0x0000000017232800 nmethod 3563 0x0000000003493cd0 code [0x0000000003493ec0, 0x0000000003495330]
Event: 13.558 Thread 0x0000000017232800 3561       4       org.springframework.beans.factory.support.DefaultListableBeanFactory::requiresEagerInitForType (26 bytes)
Event: 13.644 Thread 0x0000000017232800 nmethod 3561 0x0000000004017410 code [0x0000000004017780, 0x0000000004019858]
Event: 13.688 Thread 0x0000000017232800 3578       4       java.io.File::exists (43 bytes)
Event: 13.693 Thread 0x0000000017232800 nmethod 3578 0x00000000034e9a10 code [0x00000000034e9b60, 0x00000000034e9da8]

GC Heap History (10 events):
Event: 3.746 GC heap before
{Heap before GC invocations=8 (full 1):
 PSYoungGen      total 69120K, used 4874K [0x00000000eb580000, 0x00000000f3c80000, 0x0000000100000000)
  eden space 62976K, 0% used [0x00000000eb580000,0x00000000eb580000,0x00000000ef300000)
  from space 6144K, 79% used [0x00000000ef300000,0x00000000ef7c2a38,0x00000000ef900000)
  to   space 6144K, 0% used [0x00000000f3680000,0x00000000f3680000,0x00000000f3c80000)
 ParOldGen       total 42496K, used 7264K [0x00000000c2000000, 0x00000000c4980000, 0x00000000eb580000)
  object space 42496K, 17% used [0x00000000c2000000,0x00000000c2718000,0x00000000c4980000)
 Metaspace       used 20620K, capacity 21166K, committed 21248K, reserved 1067008K
  class space    used 2673K, capacity 2799K, committed 2816K, reserved 1048576K
Event: 3.807 GC heap after
Heap after GC invocations=8 (full 1):
 PSYoungGen      total 69120K, used 0K [0x00000000eb580000, 0x00000000f3c80000, 0x0000000100000000)
  eden space 62976K, 0% used [0x00000000eb580000,0x00000000eb580000,0x00000000ef300000)
  from space 6144K, 0% used [0x00000000ef300000,0x00000000ef300000,0x00000000ef900000)
  to   space 6144K, 0% used [0x00000000f3680000,0x00000000f3680000,0x00000000f3c80000)
 ParOldGen       total 32256K, used 7297K [0x00000000c2000000, 0x00000000c3f80000, 0x00000000eb580000)
  object space 32256K, 22% used [0x00000000c2000000,0x00000000c2720658,0x00000000c3f80000)
 Metaspace       used 20619K, capacity 21160K, committed 21248K, reserved 1067008K
  class space    used 2672K, capacity 2798K, committed 2816K, reserved 1048576K
}
Event: 4.711 GC heap before
{Heap before GC invocations=9 (full 1):
 PSYoungGen      total 69120K, used 62976K [0x00000000eb580000, 0x00000000f3c80000, 0x0000000100000000)
  eden space 62976K, 100% used [0x00000000eb580000,0x00000000ef300000,0x00000000ef300000)
  from space 6144K, 0% used [0x00000000ef300000,0x00000000ef300000,0x00000000ef900000)
  to   space 6144K, 0% used [0x00000000f3680000,0x00000000f3680000,0x00000000f3c80000)
 ParOldGen       total 32256K, used 7297K [0x00000000c2000000, 0x00000000c3f80000, 0x00000000eb580000)
  object space 32256K, 22% used [0x00000000c2000000,0x00000000c2720658,0x00000000c3f80000)
 Metaspace       used 23925K, capacity 24646K, committed 24832K, reserved 1071104K
  class space    used 3084K, capacity 3253K, committed 3328K, reserved 1048576K
Event: 4.725 GC heap after
Heap after GC invocations=9 (full 1):
 PSYoungGen      total 104960K, used 3253K [0x00000000eb580000, 0x00000000f3a00000, 0x0000000100000000)
  eden space 101376K, 0% used [0x00000000eb580000,0x00000000eb580000,0x00000000f1880000)
  from space 3584K, 90% used [0x00000000f3680000,0x00000000f39ad538,0x00000000f3a00000)
  to   space 6144K, 0% used [0x00000000f2e00000,0x00000000f2e00000,0x00000000f3400000)
 ParOldGen       total 32256K, used 7369K [0x00000000c2000000, 0x00000000c3f80000, 0x00000000eb580000)
  object space 32256K, 22% used [0x00000000c2000000,0x00000000c2732668,0x00000000c3f80000)
 Metaspace       used 23925K, capacity 24646K, committed 24832K, reserved 1071104K
  class space    used 3084K, capacity 3253K, committed 3328K, reserved 1048576K
}
Event: 8.197 GC heap before
{Heap before GC invocations=10 (full 1):
 PSYoungGen      total 104960K, used 104629K [0x00000000eb580000, 0x00000000f3a00000, 0x0000000100000000)
  eden space 101376K, 100% used [0x00000000eb580000,0x00000000f1880000,0x00000000f1880000)
  from space 3584K, 90% used [0x00000000f3680000,0x00000000f39ad538,0x00000000f3a00000)
  to   space 6144K, 0% used [0x00000000f2e00000,0x00000000f2e00000,0x00000000f3400000)
 ParOldGen       total 32256K, used 7369K [0x00000000c2000000, 0x00000000c3f80000, 0x00000000eb580000)
  object space 32256K, 22% used [0x00000000c2000000,0x00000000c2732668,0x00000000c3f80000)
 Metaspace       used 29733K, capacity 30834K, committed 30976K, reserved 1077248K
  class space    used 3860K, capacity 4091K, committed 4096K, reserved 1048576K
Event: 8.291 GC heap after
Heap after GC invocations=10 (full 1):
 PSYoungGen      total 129536K, used 6130K [0x00000000eb580000, 0x00000000f4e00000, 0x0000000100000000)
  eden space 123392K, 0% used [0x00000000eb580000,0x00000000eb580000,0x00000000f2e00000)
  from space 6144K, 99% used [0x00000000f2e00000,0x00000000f33fcad8,0x00000000f3400000)
  to   space 8704K, 0% used [0x00000000f4580000,0x00000000f4580000,0x00000000f4e00000)
 ParOldGen       total 32256K, used 11673K [0x00000000c2000000, 0x00000000c3f80000, 0x00000000eb580000)
  object space 32256K, 36% used [0x00000000c2000000,0x00000000c2b665b8,0x00000000c3f80000)
 Metaspace       used 29733K, capacity 30834K, committed 30976K, reserved 1077248K
  class space    used 3860K, capacity 4091K, committed 4096K, reserved 1048576K
}
Event: 11.753 GC heap before
{Heap before GC invocations=11 (full 1):
 PSYoungGen      total 129536K, used 61112K [0x00000000eb580000, 0x00000000f4e00000, 0x0000000100000000)
  eden space 123392K, 44% used [0x00000000eb580000,0x00000000eeb315f8,0x00000000f2e00000)
  from space 6144K, 99% used [0x00000000f2e00000,0x00000000f33fcad8,0x00000000f3400000)
  to   space 8704K, 0% used [0x00000000f4580000,0x00000000f4580000,0x00000000f4e00000)
 ParOldGen       total 32256K, used 11673K [0x00000000c2000000, 0x00000000c3f80000, 0x00000000eb580000)
  object space 32256K, 36% used [0x00000000c2000000,0x00000000c2b665b8,0x00000000c3f80000)
 Metaspace       used 33840K, capacity 35354K, committed 35416K, reserved 1079296K
  class space    used 4399K, capacity 4705K, committed 4736K, reserved 1048576K
Event: 11.793 GC heap after
Heap after GC invocations=11 (full 1):
 PSYoungGen      total 132096K, used 8688K [0x00000000eb580000, 0x00000000f4e00000, 0x0000000100000000)
  eden space 123392K, 0% used [0x00000000eb580000,0x00000000eb580000,0x00000000f2e00000)
  from space 8704K, 99% used [0x00000000f4580000,0x00000000f4dfc3f0,0x00000000f4e00000)
  to   space 6144K, 0% used [0x00000000f2e00000,0x00000000f2e00000,0x00000000f3400000)
 ParOldGen       total 32256K, used 13788K [0x00000000c2000000, 0x00000000c3f80000, 0x00000000eb580000)
  object space 32256K, 42% used [0x00000000c2000000,0x00000000c2d77310,0x00000000c3f80000)
 Metaspace       used 33840K, capacity 35354K, committed 35416K, reserved 1079296K
  class space    used 4399K, capacity 4705K, committed 4736K, reserved 1048576K
}
Event: 11.793 GC heap before
{Heap before GC invocations=12 (full 2):
 PSYoungGen      total 132096K, used 8688K [0x00000000eb580000, 0x00000000f4e00000, 0x0000000100000000)
  eden space 123392K, 0% used [0x00000000eb580000,0x00000000eb580000,0x00000000f2e00000)
  from space 8704K, 99% used [0x00000000f4580000,0x00000000f4dfc3f0,0x00000000f4e00000)
  to   space 6144K, 0% used [0x00000000f2e00000,0x00000000f2e00000,0x00000000f3400000)
 ParOldGen       total 32256K, used 13788K [0x00000000c2000000, 0x00000000c3f80000, 0x00000000eb580000)
  object space 32256K, 42% used [0x00000000c2000000,0x00000000c2d77310,0x00000000c3f80000)
 Metaspace       used 33840K, capacity 35354K, committed 35416K, reserved 1079296K
  class space    used 4399K, capacity 4705K, committed 4736K, reserved 1048576K
Event: 12.125 GC heap after
Heap after GC invocations=12 (full 2):
 PSYoungGen      total 132096K, used 0K [0x00000000eb580000, 0x00000000f4e00000, 0x0000000100000000)
  eden space 123392K, 0% used [0x00000000eb580000,0x00000000eb580000,0x00000000f2e00000)
  from space 8704K, 0% used [0x00000000f4580000,0x00000000f4580000,0x00000000f4e00000)
  to   space 6144K, 0% used [0x00000000f2e00000,0x00000000f2e00000,0x00000000f3400000)
 ParOldGen       total 54272K, used 15175K [0x00000000c2000000, 0x00000000c5500000, 0x00000000eb580000)
  object space 54272K, 27% used [0x00000000c2000000,0x00000000c2ed1d40,0x00000000c5500000)
 Metaspace       used 33840K, capacity 35354K, committed 35416K, reserved 1079296K
  class space    used 4399K, capacity 4705K, committed 4736K, reserved 1048576K
}

Deoptimization events (10 events):
Event: 9.928 Thread 0x0000000003206800 Uncommon trap: reason=unstable_if action=reinterpret pc=0x0000000003e20834 method=java.util.Properties$LineReader.readLine()I @ 323
Event: 10.124 Thread 0x0000000003206800 Uncommon trap: reason=unstable_if action=reinterpret pc=0x0000000003874198 method=java.util.Properties.loadConvert([CII[C)Ljava/lang/String; @ 57
Event: 10.163 Thread 0x0000000003206800 Uncommon trap: reason=class_check action=maybe_recompile pc=0x0000000003e0b6d4 method=java.util.AbstractList$Itr.hasNext()Z @ 8
Event: 10.163 Thread 0x0000000003206800 Uncommon trap: reason=class_check action=maybe_recompile pc=0x0000000003e6e7c4 method=java.util.AbstractList$Itr.next()Ljava/lang/Object; @ 14
Event: 12.273 Thread 0x0000000003206800 Uncommon trap: reason=class_check action=maybe_recompile pc=0x00000000037c99f4 method=java.util.zip.InflaterInputStream.read([BII)I @ 100
Event: 12.273 Thread 0x0000000003206800 Uncommon trap: reason=class_check action=maybe_recompile pc=0x00000000037c99f4 method=java.util.zip.InflaterInputStream.read([BII)I @ 100
Event: 12.276 Thread 0x0000000003206800 Uncommon trap: reason=class_check action=maybe_recompile pc=0x00000000037c99f4 method=java.util.zip.InflaterInputStream.read([BII)I @ 100
Event: 12.276 Thread 0x0000000003206800 Uncommon trap: reason=class_check action=maybe_recompile pc=0x00000000037c99f4 method=java.util.zip.InflaterInputStream.read([BII)I @ 100
Event: 13.443 Thread 0x0000000003206800 Uncommon trap: reason=bimorphic action=maybe_recompile pc=0x000000000395109c method=java.util.Hashtable.get(Ljava/lang/Object;)Ljava/lang/Object; @ 6
Event: 13.443 Thread 0x0000000003206800 Uncommon trap: reason=bimorphic action=maybe_recompile pc=0x000000000395109c method=java.util.Hashtable.get(Ljava/lang/Object;)Ljava/lang/Object; @ 6

Internal exceptions (10 events):
Event: 8.670 Thread 0x0000000003206800 Exception <a 'java/lang/ClassNotFoundException': org/springframework/transaction/annotation/ProxyTransactionManagementConfigurationCustomizer> (0x00000000ec0c4a68) thrown at [C:\re\workspace\8-2-build-windows-amd64-cygwin\jdk8u144\9417\hotspot\src\share\v
Event: 8.671 Thread 0x0000000003206800 Exception <a 'java/lang/ClassNotFoundException': org/springframework/transaction/annotation/ProxyTransactionManagementConfiguration$$EnhancerBySpringCGLIB$$7901f927Customizer> (0x00000000ec0f4060) thrown at [C:\re\workspace\8-2-build-windows-amd64-cygwin\
Event: 8.673 Thread 0x0000000003206800 Exception <a 'java/lang/ClassNotFoundException': org/springframework/context/annotation/ConfigurationClassEnhancer$EnhancedConfigurationCustomizer> (0x00000000ec122b08) thrown at [C:\re\workspace\8-2-build-windows-amd64-cygwin\jdk8u144\9417\hotspot\src\sh
Event: 8.673 Thread 0x0000000003206800 Exception <a 'java/lang/ClassNotFoundException': org/springframework/beans/factory/BeanFactoryAwareCustomizer> (0x00000000ec13bd30) thrown at [C:\re\workspace\8-2-build-windows-amd64-cygwin\jdk8u144\9417\hotspot\src\share\vm\classfile\systemDictionary.cpp
Event: 8.675 Thread 0x0000000003206800 Exception <a 'java/lang/ClassNotFoundException': org/springframework/beans/factory/AwareCustomizer> (0x00000000ec152d28) thrown at [C:\re\workspace\8-2-build-windows-amd64-cygwin\jdk8u144\9417\hotspot\src\share\vm\classfile\systemDictionary.cpp, line 210]
Event: 8.675 Thread 0x0000000003206800 Exception <a 'java/lang/ClassNotFoundException': org/springframework/context/annotation/ImportAwareCustomizer> (0x00000000ec16bda8) thrown at [C:\re\workspace\8-2-build-windows-amd64-cygwin\jdk8u144\9417\hotspot\src\share\vm\classfile\systemDictionary.cpp
Event: 8.676 Thread 0x0000000003206800 Exception <a 'java/lang/ClassNotFoundException': org/springframework/beans/factory/AwareCustomizer> (0x00000000ec1827a0) thrown at [C:\re\workspace\8-2-build-windows-amd64-cygwin\jdk8u144\9417\hotspot\src\share\vm\classfile\systemDictionary.cpp, line 210]
Event: 8.676 Thread 0x0000000003206800 Implicit null exception at 0x0000000003bac44c to 0x0000000003bac4c1
Event: 12.931 Thread 0x0000000003206800 Exception <a 'java/io/FileNotFoundException'> (0x00000000ee25c6c0) thrown at [C:\re\workspace\8-2-build-windows-amd64-cygwin\jdk8u144\9417\hotspot\src\share\vm\prims\jni.cpp, line 709]
Event: 13.303 Thread 0x0000000003206800 Exception <a 'java/io/FileNotFoundException'> (0x00000000eeb371e8) thrown at [C:\re\workspace\8-2-build-windows-amd64-cygwin\jdk8u144\9417\hotspot\src\share\vm\prims\jni.cpp, line 709]

Events (10 events):
Event: 13.710 loading class com/alibaba/druid/pool/DruidDataSourceStatLoggerImpl
Event: 13.710 loading class com/alibaba/druid/pool/DruidDataSourceStatLoggerImpl done
Event: 13.710 loading class com/alibaba/druid/pool/DruidDataSourceStatLoggerAdapter
Event: 13.710 loading class com/alibaba/druid/pool/DruidDataSourceStatLoggerAdapter done
Event: 13.716 loading class com/alibaba/druid/util/Utils
Event: 13.716 loading class com/alibaba/druid/util/Utils done
Event: 13.727 loading class com/alibaba/druid/pool/DruidAbstractDataSource$PhysicalConnectionInfo
Event: 13.728 loading class com/alibaba/druid/pool/DruidAbstractDataSource$PhysicalConnectionInfo done
Event: 13.728 loading class com/alibaba/druid/pool/DruidPooledConnection
Event: 13.728 loading class com/alibaba/druid/pool/DruidPooledConnection done


Dynamic libraries:
0x00007ff66ca60000 - 0x00007ff66ca97000 	C:\Program Files\Java\jdk1.8.0_144\bin\java.exe
0x00007ffad9570000 - 0x00007ffad9751000 	C:\WINDOWS\SYSTEM32\ntdll.dll
0x00007ffad6a80000 - 0x00007ffad6b31000 	C:\WINDOWS\System32\KERNEL32.DLL
0x00007ffad5940000 - 0x00007ffad5bb3000 	C:\WINDOWS\System32\KERNELBASE.dll
0x00007ffad7040000 - 0x00007ffad70e1000 	C:\WINDOWS\System32\ADVAPI32.dll
0x00007ffad76a0000 - 0x00007ffad773e000 	C:\WINDOWS\System32\msvcrt.dll
0x00007ffad7480000 - 0x00007ffad74db000 	C:\WINDOWS\System32\sechost.dll
0x00007ffad9100000 - 0x00007ffad9224000 	C:\WINDOWS\System32\RPCRT4.dll
0x00007ffad93b0000 - 0x00007ffad9540000 	C:\WINDOWS\System32\USER32.dll
0x00007ffad6560000 - 0x00007ffad6580000 	C:\WINDOWS\System32\win32u.dll
0x00007ffad70f0000 - 0x00007ffad7118000 	C:\WINDOWS\System32\GDI32.dll
0x00007ffad67c0000 - 0x00007ffad6952000 	C:\WINDOWS\System32\gdi32full.dll
0x00007ffad6960000 - 0x00007ffad69ff000 	C:\WINDOWS\System32\msvcp_win.dll
0x00007ffad6460000 - 0x00007ffad6558000 	C:\WINDOWS\System32\ucrtbase.dll
0x00007ffacb390000 - 0x00007ffacb5f9000 	C:\WINDOWS\WinSxS\amd64_microsoft.windows.common-controls_6595b64144ccf1df_6.0.17134.765_none_fb42a1a930655896\COMCTL32.dll
0x00007ffad8dd0000 - 0x00007ffad90f2000 	C:\WINDOWS\System32\combase.dll
0x00007ffad63e0000 - 0x00007ffad645a000 	C:\WINDOWS\System32\bcryptPrimitives.dll
0x00007ffad75d0000 - 0x00007ffad75fd000 	C:\WINDOWS\System32\IMM32.DLL
0x00000000709a0000 - 0x0000000070a72000 	C:\Program Files\Java\jdk1.8.0_144\jre\bin\msvcr100.dll
0x000000006fde0000 - 0x000000007067d000 	C:\Program Files\Java\jdk1.8.0_144\jre\bin\server\jvm.dll
0x00007ffad8d60000 - 0x00007ffad8d68000 	C:\WINDOWS\System32\PSAPI.DLL
0x00007ffad48b0000 - 0x00007ffad48b9000 	C:\WINDOWS\SYSTEM32\WSOCK32.dll
0x00007ffad9340000 - 0x00007ffad93ac000 	C:\WINDOWS\System32\WS2_32.dll
0x00007ffad20e0000 - 0x00007ffad20ea000 	C:\WINDOWS\SYSTEM32\VERSION.dll
0x00007ffad1870000 - 0x00007ffad1893000 	C:\WINDOWS\SYSTEM32\WINMM.dll
0x00007ffad1840000 - 0x00007ffad186a000 	C:\WINDOWS\SYSTEM32\WINMMBASE.dll
0x00007ffad6580000 - 0x00007ffad65c9000 	C:\WINDOWS\System32\cfgmgr32.dll
0x0000000075230000 - 0x000000007523f000 	C:\Program Files\Java\jdk1.8.0_144\jre\bin\verify.dll
0x0000000075200000 - 0x0000000075229000 	C:\Program Files\Java\jdk1.8.0_144\jre\bin\java.dll
0x0000000070970000 - 0x0000000070993000 	C:\Program Files\Java\jdk1.8.0_144\jre\bin\instrument.dll
0x0000000071600000 - 0x0000000071616000 	C:\Program Files\Java\jdk1.8.0_144\jre\bin\zip.dll
0x00007ffad7740000 - 0x00007ffad8b80000 	C:\WINDOWS\System32\SHELL32.dll
0x00007ffad6b40000 - 0x00007ffad6be9000 	C:\WINDOWS\System32\shcore.dll
0x00007ffad5cd0000 - 0x00007ffad63dd000 	C:\WINDOWS\System32\windows.storage.dll
0x00007ffad7120000 - 0x00007ffad7171000 	C:\WINDOWS\System32\shlwapi.dll
0x00007ffad5920000 - 0x00007ffad5931000 	C:\WINDOWS\System32\kernel.appcore.dll
0x00007ffad5890000 - 0x00007ffad58af000 	C:\WINDOWS\System32\profapi.dll
0x00007ffad58d0000 - 0x00007ffad591c000 	C:\WINDOWS\System32\powrprof.dll
0x00007ffad5880000 - 0x00007ffad588a000 	C:\WINDOWS\System32\FLTLIB.DLL
0x00007ffad0b30000 - 0x00007ffad0b4a000 	D:\IntelliJ IDEA Community Edition 2018.3.4\bin\breakgen64.dll
0x0000000070860000 - 0x000000007087a000 	C:\Program Files\Java\jdk1.8.0_144\jre\bin\net.dll
0x00007ffad5100000 - 0x00007ffad5166000 	C:\WINDOWS\system32\mswsock.dll
0x00000000745a0000 - 0x00000000745ad000 	C:\Program Files\Java\jdk1.8.0_144\jre\bin\management.dll
0x00007ffab38b0000 - 0x00007ffab38c6000 	C:\WINDOWS\system32\napinsp.dll
0x00007ffaafcb0000 - 0x00007ffaafcca000 	C:\WINDOWS\system32\pnrpnsp.dll
0x00007ffad24f0000 - 0x00007ffad2509000 	C:\WINDOWS\system32\NLAapi.dll
0x00007ffad4ed0000 - 0x00007ffad4f8e000 	C:\WINDOWS\SYSTEM32\DNSAPI.dll
0x00007ffad9330000 - 0x00007ffad9338000 	C:\WINDOWS\System32\NSI.dll
0x00007ffad4e80000 - 0x00007ffad4eb8000 	C:\WINDOWS\SYSTEM32\IPHLPAPI.DLL
0x00007ffab38a0000 - 0x00007ffab38ae000 	C:\WINDOWS\System32\winrnr.dll
0x00007ffacf870000 - 0x00007ffacf885000 	C:\WINDOWS\System32\wshbth.dll
0x00007ffab29e0000 - 0x00007ffab29ea000 	C:\Windows\System32\rasadhlp.dll
0x00007ffabb280000 - 0x00007ffabb2f2000 	C:\WINDOWS\System32\fwpuclnt.dll
0x00007ffad53e0000 - 0x00007ffad5405000 	C:\WINDOWS\SYSTEM32\bcrypt.dll
0x0000000070840000 - 0x0000000070851000 	C:\Program Files\Java\jdk1.8.0_144\jre\bin\nio.dll
0x00007ffad52c0000 - 0x00007ffad52d7000 	C:\WINDOWS\SYSTEM32\CRYPTSP.dll
0x00007ffad4ce0000 - 0x00007ffad4d13000 	C:\WINDOWS\system32\rsaenh.dll
0x00007ffad5780000 - 0x00007ffad57a8000 	C:\WINDOWS\SYSTEM32\USERENV.dll
0x00007ffad52b0000 - 0x00007ffad52bb000 	C:\WINDOWS\SYSTEM32\CRYPTBASE.dll
0x00007ffacb080000 - 0x00007ffacb096000 	C:\WINDOWS\SYSTEM32\dhcpcsvc6.DLL
0x00007ffacb060000 - 0x00007ffacb07a000 	C:\WINDOWS\SYSTEM32\dhcpcsvc.DLL

VM Arguments:
jvm_args: -javaagent:D:\IntelliJ IDEA Community Edition 2018.3.4\lib\idea_rt.jar=11714:D:\IntelliJ IDEA Community Edition 2018.3.4\bin -Dfile.encoding=UTF-8 
java_command: com.ctgu.lan.manage.ManageApplication
java_class_path (initial): C:\Program Files\Java\jdk1.8.0_144\jre\lib\charsets.jar;C:\Program Files\Java\jdk1.8.0_144\jre\lib\deploy.jar;C:\Program Files\Java\jdk1.8.0_144\jre\lib\ext\access-bridge-64.jar;C:\Program Files\Java\jdk1.8.0_144\jre\lib\ext\cldrdata.jar;C:\Program Files\Java\jdk1.8.0_144\jre\lib\ext\dnsns.jar;C:\Program Files\Java\jdk1.8.0_144\jre\lib\ext\jaccess.jar;C:\Program Files\Java\jdk1.8.0_144\jre\lib\ext\jfxrt.jar;C:\Program Files\Java\jdk1.8.0_144\jre\lib\ext\localedata.jar;C:\Program Files\Java\jdk1.8.0_144\jre\lib\ext\nashorn.jar;C:\Program Files\Java\jdk1.8.0_144\jre\lib\ext\sunec.jar;C:\Program Files\Java\jdk1.8.0_144\jre\lib\ext\sunjce_provider.jar;C:\Program Files\Java\jdk1.8.0_144\jre\lib\ext\sunmscapi.jar;C:\Program Files\Java\jdk1.8.0_144\jre\lib\ext\sunpkcs11.jar;C:\Program Files\Java\jdk1.8.0_144\jre\lib\ext\zipfs.jar;C:\Program Files\Java\jdk1.8.0_144\jre\lib\javaws.jar;C:\Program Files\Java\jdk1.8.0_144\jre\lib\jce.jar;C:\Program Files\Java\jdk1.8.0_144\jre\lib\jfr.jar;C:\Program Files\Java\jdk1.8.0_144\jre\lib\jfxswt.jar;C:\Program Files\Java\jdk1.8.0_144\jre\lib\jsse.jar;C:\Program Files\Java\jdk1.8.0_144\jre\lib\management-agent.jar;C:\Program Files\Java\jdk1.8.0_144\jre\lib\plugin.jar;C:\Program Files\Java\jdk1.8.0_144\jre\lib\resources.jar;C:\Program Files\Java\jdk1.8.0_144\jre\lib\rt.jar;D:\SpringBootWorkSpace\manage\target\classes;C:\Users\17259\.m2\repository\org\springframework\boot\spring-boot-starter-data-jpa\2.1.5.RELEASE\spring-boot-starter-data-jpa-2.1.5.RELEASE.jar;C:\Users\17259\.m2\repository\org\springframework\boot\spring-boot-starter-aop\2.1.5.RELEASE\spring-boot-starter-aop-2.1.5.RELEASE.jar;C:\Users\17259\.m2\repository\org\springframework\spring-aop\5.1.7.RELEASE\spring-aop-5.1.7.RELEASE.jar;C:\Users\17259\.m2\repository\org\aspectj\aspectjweaver\1.9.4\aspectjweaver-1.9.4.jar;C:\Users\17259\.m2\repository\javax\transaction\javax.transaction-api\1.3\javax.transaction-api-1.3.jar;C:\Users\17259\.m2\repository\
Launcher Type: SUN_STANDARD

Environment Variables:
JAVA_HOME=C:\Program Files\Java\jdk1.8.0_144
CLASSPATH=.;C:\Program Files\Java\jdk1.8.0_144\lib;C:\Program Files\Java\jdk1.8.0_144\lib\tools.jar;
PATH=C:\Program Files\VanDyke Software\Clients\;C:\ProgramData\Oracle\Java\javapath;C:\Program Files (x86)\Intel\iCLS Client\;C:\Program Files\Intel\iCLS Client\;C:\Windows\system32;C:\Windows;C:\Windows\System32\Wbem;C:\Windows\System32\WindowsPowerShell\v1.0\;C:\Program Files\Intel\WiFi\bin\;C:\Program Files\Common Files\Intel\WirelessCommon\;C:\Program Files (x86)\NVIDIA Corporation\PhysX\Common;C:\Program Files (x86)\Intel\Intel(R) Management Engine Components\DAL;C:\Program Files\Intel\Intel(R) Management Engine Components\DAL;C:\Program Files (x86)\Intel\Intel(R) Management Engine Components\IPT;C:\Program Files\Intel\Intel(R) Management Engine Components\IPT;C:\Program Files\Acer ProShield\;C:\Program Files\Acer ProShield\x86;C:\WINDOWS\system32;C:\WINDOWS;C:\WINDOWS\System32\Wbem;C:\WINDOWS\System32\WindowsPowerShell\v1.0\;D:\mysql-5.7.22-winx64\bin;C:\WINDOWS\System32\OpenSSH\;D:\Git\cmd;D:\nodejs\;"%MAVEN_HOME%\bin;";C:\Program Files\dotnet\;C:\Program Files\Microsoft SQL Server\130\Tools\Binn\;C:\Users\17259\AppData\Local\Programs\Python\Python37\Scripts\;C:\Users\17259\AppData\Local\Programs\Python\Python37\;C:\Program Files\Java\jdk1.8.0_144\bin;C:\Program Files\Java\jdk1.8.0_144\jre\bin;C:\Users\17259\AppData\Local\Microsoft\WindowsApps;C:\Users\17259\AppData\Roaming\npm;D:\SSM\apache-maven-3.6.0\bin;
USERNAME=17259
OS=Windows_NT
PROCESSOR_IDENTIFIER=Intel64 Family 6 Model 142 Stepping 9, GenuineIntel



---------------  S Y S T E M  ---------------

OS: Windows 10.0 , 64 bit Build 17134 (10.0.17134.753)

CPU:total 4 (initial active 4) (2 cores per cpu, 2 threads per core) family 6 model 142 stepping 9, cmov, cx8, fxsr, mmx, sse, sse2, sse3, ssse3, sse4.1, sse4.2, popcnt, avx, avx2, aes, clmul, erms, 3dnowpref, lzcnt, ht, tsc, tscinvbit, bmi1, bmi2, adx

Memory: 4k page, physical 4059368k(197000k free), swap 16642280k(5784k free)

vm_info: Java HotSpot(TM) 64-Bit Server VM (25.144-b01) for windows-amd64 JRE (1.8.0_144-b01), built on Jul 21 2017 21:57:33 by "java_re" with MS VC++ 10.0 (VS2010)

time: Sat Jun 01 18:23:56 2019
elapsed time: 13 seconds (0d 0h 0m 13s)

